gcc -Wall -o "pyiks" "pyiks.c" (/home/pi/iksemel/src dizininde)
/usr/lib/gcc/arm-linux-gnueabihf/4.9/../../../arm-linux-gnueabihf/crt1.o: In function `_start':
/build/glibc-mqlSLF/glibc-2.19/csu/../ports/sysdeps/arm/start.S:119: undefined reference to `main'
/tmp/ccDHx1pH.o: In function `Document_dealloc':
pyiks.c:(.text+0x2c): undefined reference to `iks_delete'
/tmp/ccDHx1pH.o: In function `new_node':
pyiks.c:(.text+0x60): undefined reference to `PyErr_NoMemory'
pyiks.c:(.text+0x7c): undefined reference to `_PyObject_New'
pyiks.c:(.text+0x9c): undefined reference to `_PyObject_New'
/tmp/ccDHx1pH.o: In function `Iter_next':
pyiks.c:(.text+0x170): undefined reference to `iks_next_tag'
pyiks.c:(.text+0x1b0): undefined reference to `iks_next_tag'
pyiks.c:(.text+0x1e4): undefined reference to `iks_name'
pyiks.c:(.text+0x20c): undefined reference to `iks_next'
/tmp/ccDHx1pH.o: In function `Node_iter':
pyiks.c:(.text+0x25c): undefined reference to `iks_type'
pyiks.c:(.text+0x278): undefined reference to `PyErr_SetNone'
pyiks.c:(.text+0x288): undefined reference to `_PyObject_New'
pyiks.c:(.text+0x29c): undefined reference to `iks_child'
/tmp/ccDHx1pH.o: In function `Node_type_func':
pyiks.c:(.text+0x374): undefined reference to `iks_type'
pyiks.c:(.text+0x384): undefined reference to `Py_BuildValue'
/tmp/ccDHx1pH.o: In function `Node_reduce':
pyiks.c:(.text+0x3e4): undefined reference to `PyModule_GetDict'
pyiks.c:(.text+0x408): undefined reference to `PyDict_GetItemString'
pyiks.c:(.text+0x42c): undefined reference to `PyTuple_Pack'
pyiks.c:(.text+0x454): undefined reference to `PyTuple_Pack'
/tmp/ccDHx1pH.o: In function `Node_data':
pyiks.c:(.text+0x490): undefined reference to `iks_type'
pyiks.c:(.text+0x4ac): undefined reference to `PyErr_SetNone'
pyiks.c:(.text+0x4c4): undefined reference to `iks_cdata'
pyiks.c:(.text+0x4d4): undefined reference to `Py_BuildValue'
/tmp/ccDHx1pH.o: In function `Node_name':
pyiks.c:(.text+0x510): undefined reference to `iks_type'
pyiks.c:(.text+0x52c): undefined reference to `PyErr_SetNone'
pyiks.c:(.text+0x544): undefined reference to `iks_name'
pyiks.c:(.text+0x554): undefined reference to `Py_BuildValue'
/tmp/ccDHx1pH.o: In function `Node_attributes':
pyiks.c:(.text+0x590): undefined reference to `iks_type'
pyiks.c:(.text+0x5ac): undefined reference to `PyErr_SetNone'
pyiks.c:(.text+0x5bc): undefined reference to `PyList_New'
pyiks.c:(.text+0x5e4): undefined reference to `iks_attrib'
pyiks.c:(.text+0x5f4): undefined reference to `iks_name'
pyiks.c:(.text+0x600): undefined reference to `PyBytes_FromString'
pyiks.c:(.text+0x61c): undefined reference to `PyList_Append'
pyiks.c:(.text+0x624): undefined reference to `iks_next'
/tmp/ccDHx1pH.o: In function `Node_getAttribute':
pyiks.c:(.text+0x66c): undefined reference to `iks_type'
pyiks.c:(.text+0x688): undefined reference to `PyErr_SetNone'
pyiks.c:(.text+0x6a4): undefined reference to `PyArg_ParseTuple'
pyiks.c:(.text+0x6d0): undefined reference to `iks_find_attrib'
pyiks.c:(.text+0x708): undefined reference to `Py_BuildValue'
pyiks.c:(.text+0x728): undefined reference to `_Py_NoneStruct'
/tmp/ccDHx1pH.o: In function `Node_setAttribute':
pyiks.c:(.text+0x74c): undefined reference to `iks_type'
pyiks.c:(.text+0x768): undefined reference to `PyErr_SetNone'
pyiks.c:(.text+0x784): undefined reference to `PyArg_ParseTuple'
pyiks.c:(.text+0x7b8): undefined reference to `iks_insert_attrib'
pyiks.c:(.text+0x7e8): undefined reference to `_Py_NoneStruct'
/tmp/ccDHx1pH.o: In function `Node_setData':
pyiks.c:(.text+0x80c): undefined reference to `iks_type'
pyiks.c:(.text+0x828): undefined reference to `PyErr_SetNone'
pyiks.c:(.text+0x844): undefined reference to `PyArg_ParseTuple'
pyiks.c:(.text+0x874): undefined reference to `iks_set_cdata'
pyiks.c:(.text+0x8a4): undefined reference to `_Py_NoneStruct'
/tmp/ccDHx1pH.o: In function `Node_getTag':
pyiks.c:(.text+0x8c8): undefined reference to `iks_type'
pyiks.c:(.text+0x8e4): undefined reference to `PyErr_SetNone'
pyiks.c:(.text+0x900): undefined reference to `PyArg_ParseTuple'
pyiks.c:(.text+0x92c): undefined reference to `iks_find'
pyiks.c:(.text+0x988): undefined reference to `_Py_NoneStruct'
/tmp/ccDHx1pH.o: In function `Node_getTagData':
pyiks.c:(.text+0x9ac): undefined reference to `iks_type'
pyiks.c:(.text+0x9c8): undefined reference to `PyErr_SetNone'
pyiks.c:(.text+0x9e4): undefined reference to `PyArg_ParseTuple'
pyiks.c:(.text+0xa10): undefined reference to `iks_find_cdata'
pyiks.c:(.text+0xa48): undefined reference to `Py_BuildValue'
pyiks.c:(.text+0xa68): undefined reference to `_Py_NoneStruct'
/tmp/ccDHx1pH.o: In function `Node_tags':
pyiks.c:(.text+0xa98): undefined reference to `PyArg_ParseTuple'
pyiks.c:(.text+0xabc): undefined reference to `iks_type'
pyiks.c:(.text+0xad8): undefined reference to `PyErr_SetNone'
pyiks.c:(.text+0xae8): undefined reference to `_PyObject_New'
pyiks.c:(.text+0xb0c): undefined reference to `iks_first_tag'
pyiks.c:(.text+0xb48): undefined reference to `iks_next_tag'
pyiks.c:(.text+0xb78): undefined reference to `iks_name'
/tmp/ccDHx1pH.o: In function `Node_firstChild':
pyiks.c:(.text+0xbe8): undefined reference to `iks_type'
pyiks.c:(.text+0xc04): undefined reference to `PyErr_SetNone'
pyiks.c:(.text+0xc1c): undefined reference to `iks_child'
pyiks.c:(.text+0xc74): undefined reference to `_Py_NoneStruct'
/tmp/ccDHx1pH.o: In function `Node_parent':
pyiks.c:(.text+0xc94): undefined reference to `iks_parent'
pyiks.c:(.text+0xce8): undefined reference to `_Py_NoneStruct'
/tmp/ccDHx1pH.o: In function `Node_root':
pyiks.c:(.text+0xd08): undefined reference to `iks_root'
pyiks.c:(.text+0xd5c): undefined reference to `_Py_NoneStruct'
/tmp/ccDHx1pH.o: In function `Node_next':
pyiks.c:(.text+0xd7c): undefined reference to `iks_next'
pyiks.c:(.text+0xdd0): undefined reference to `_Py_NoneStruct'
/tmp/ccDHx1pH.o: In function `Node_nextTag':
pyiks.c:(.text+0xe00): undefined reference to `PyArg_ParseTuple'
pyiks.c:(.text+0xe24): undefined reference to `iks_next_tag'
pyiks.c:(.text+0xe4c): undefined reference to `iks_next_tag'
pyiks.c:(.text+0xe68): undefined reference to `iks_name'
pyiks.c:(.text+0xedc): undefined reference to `_Py_NoneStruct'
/tmp/ccDHx1pH.o: In function `Node_previous':
pyiks.c:(.text+0xefc): undefined reference to `iks_prev'
pyiks.c:(.text+0xf50): undefined reference to `_Py_NoneStruct'
/tmp/ccDHx1pH.o: In function `Node_previousTag':
pyiks.c:(.text+0xf80): undefined reference to `PyArg_ParseTuple'
pyiks.c:(.text+0xfa4): undefined reference to `iks_prev_tag'
pyiks.c:(.text+0xfcc): undefined reference to `iks_prev_tag'
pyiks.c:(.text+0xfe8): undefined reference to `iks_name'
pyiks.c:(.text+0x105c): undefined reference to `_Py_NoneStruct'
/tmp/ccDHx1pH.o: In function `Node_toString':
pyiks.c:(.text+0x1084): undefined reference to `iks_string'
pyiks.c:(.text+0x1094): undefined reference to `Py_BuildValue'
pyiks.c:(.text+0x10a0): undefined reference to `iks_free'
/tmp/ccDHx1pH.o: In function `prettify':
pyiks.c:(.text+0x10d4): undefined reference to `iks_child'
pyiks.c:(.text+0x10e4): undefined reference to `iks_type'
pyiks.c:(.text+0x1110): undefined reference to `iks_insert_cdata'
pyiks.c:(.text+0x112c): undefined reference to `iks_insert_cdata'
pyiks.c:(.text+0x1154): undefined reference to `iks_name'
pyiks.c:(.text+0x1164): undefined reference to `iks_insert'
pyiks.c:(.text+0x1170): undefined reference to `iks_attrib'
pyiks.c:(.text+0x1180): undefined reference to `iks_name'
pyiks.c:(.text+0x118c): undefined reference to `iks_cdata'
pyiks.c:(.text+0x11a0): undefined reference to `iks_insert_attrib'
pyiks.c:(.text+0x11a8): undefined reference to `iks_next'
pyiks.c:(.text+0x11c0): undefined reference to `iks_child'
pyiks.c:(.text+0x1218): undefined reference to `iks_next'
pyiks.c:(.text+0x1234): undefined reference to `iks_insert_cdata'
pyiks.c:(.text+0x1250): undefined reference to `iks_insert_cdata'
pyiks.c:(.text+0x128c): undefined reference to `iks_cdata'
pyiks.c:(.text+0x1298): undefined reference to `iks_cdata_size'
pyiks.c:(.text+0x12ac): undefined reference to `iks_insert_cdata'
pyiks.c:(.text+0x12c0): undefined reference to `iks_next'
/tmp/ccDHx1pH.o: In function `Node_toPrettyString':
pyiks.c:(.text+0x1304): undefined reference to `iks_type'
pyiks.c:(.text+0x1320): undefined reference to `PyErr_SetNone'
pyiks.c:(.text+0x1348): undefined reference to `iks_name'
pyiks.c:(.text+0x1354): undefined reference to `iks_new'
pyiks.c:(.text+0x1368): undefined reference to `iks_attrib'
pyiks.c:(.text+0x1378): undefined reference to `iks_name'
pyiks.c:(.text+0x1384): undefined reference to `iks_cdata'
pyiks.c:(.text+0x1398): undefined reference to `iks_insert_attrib'
pyiks.c:(.text+0x13a0): undefined reference to `iks_next'
pyiks.c:(.text+0x13d8): undefined reference to `iks_string'
pyiks.c:(.text+0x13e8): undefined reference to `Py_BuildValue'
pyiks.c:(.text+0x13f4): undefined reference to `iks_free'
pyiks.c:(.text+0x13fc): undefined reference to `iks_delete'
/tmp/ccDHx1pH.o: In function `Node_insertTag':
pyiks.c:(.text+0x1438): undefined reference to `iks_type'
pyiks.c:(.text+0x1454): undefined reference to `PyErr_SetNone'
pyiks.c:(.text+0x1470): undefined reference to `PyArg_ParseTuple'
pyiks.c:(.text+0x149c): undefined reference to `iks_insert'
/tmp/ccDHx1pH.o: In function `Node_appendSibling':
pyiks.c:(.text+0x14f4): undefined reference to `PyArg_ParseTuple'
pyiks.c:(.text+0x1518): undefined reference to `iks_parent'
pyiks.c:(.text+0x1538): undefined reference to `PyErr_SetString'
pyiks.c:(.text+0x1558): undefined reference to `iks_insert_sibling'
/tmp/ccDHx1pH.o: In function `Node_prependTag':
pyiks.c:(.text+0x15b4): undefined reference to `PyArg_ParseTuple'
pyiks.c:(.text+0x15d8): undefined reference to `iks_parent'
pyiks.c:(.text+0x15f8): undefined reference to `PyErr_SetString'
pyiks.c:(.text+0x1618): undefined reference to `iks_prepend'
/tmp/ccDHx1pH.o: In function `Node_insertData':
pyiks.c:(.text+0x1670): undefined reference to `iks_type'
pyiks.c:(.text+0x168c): undefined reference to `PyErr_SetNone'
pyiks.c:(.text+0x16a8): undefined reference to `PyArg_ParseTuple'
pyiks.c:(.text+0x16d8): undefined reference to `iks_insert_cdata'
/tmp/ccDHx1pH.o: In function `Node_appendSiblingData':
pyiks.c:(.text+0x1730): undefined reference to `PyArg_ParseTuple'
pyiks.c:(.text+0x1754): undefined reference to `iks_parent'
pyiks.c:(.text+0x1774): undefined reference to `PyErr_SetString'
pyiks.c:(.text+0x17a8): undefined reference to `iks_append_cdata'
/tmp/ccDHx1pH.o: In function `Node_prependData':
pyiks.c:(.text+0x1804): undefined reference to `PyArg_ParseTuple'
pyiks.c:(.text+0x1828): undefined reference to `iks_parent'
pyiks.c:(.text+0x1848): undefined reference to `PyErr_SetString'
pyiks.c:(.text+0x187c): undefined reference to `iks_prepend_cdata'
/tmp/ccDHx1pH.o: In function `Node_insertNode':
pyiks.c:(.text+0x18d4): undefined reference to `iks_type'
pyiks.c:(.text+0x18f0): undefined reference to `PyErr_SetNone'
pyiks.c:(.text+0x190c): undefined reference to `PyArg_ParseTuple'
pyiks.c:(.text+0x1938): undefined reference to `iks_stack'
pyiks.c:(.text+0x1948): undefined reference to `iks_copy_within'
pyiks.c:(.text+0x1960): undefined reference to `iks_insert_node'
/tmp/ccDHx1pH.o: In function `Node_hide':
pyiks.c:(.text+0x19b4): undefined reference to `iks_hide'
pyiks.c:(.text+0x19dc): undefined reference to `_Py_NoneStruct'
/tmp/ccDHx1pH.o: In function `piks_parse':
pyiks.c:(.text+0x1a04): undefined reference to `PyArg_ParseTuple'
pyiks.c:(.text+0x1a2c): undefined reference to `iks_load'
pyiks.c:(.text+0x1a54): undefined reference to `PyErr_NoMemory'
pyiks.c:(.text+0x1a6c): undefined reference to `PyErr_SetNone'
pyiks.c:(.text+0x1a8c): undefined reference to `PyErr_SetFromErrnoWithFilename'
pyiks.c:(.text+0x1ac4): undefined reference to `PyExc_OSError'
/tmp/ccDHx1pH.o: In function `piks_parseString':
pyiks.c:(.text+0x1aec): undefined reference to `PyArg_ParseTuple'
pyiks.c:(.text+0x1b18): undefined reference to `iks_tree'
pyiks.c:(.text+0x1b38): undefined reference to `PyErr_NoMemory'
pyiks.c:(.text+0x1b50): undefined reference to `PyErr_SetNone'
/tmp/ccDHx1pH.o: In function `piks_newDocument':
pyiks.c:(.text+0x1ba4): undefined reference to `PyArg_ParseTuple'
pyiks.c:(.text+0x1bc4): undefined reference to `iks_new'
/tmp/ccDHx1pH.o: In function `PyInit_piksemel':
pyiks.c:(.text+0x1c00): undefined reference to `PyModule_Create2'
pyiks.c:(.text+0x1c14): undefined reference to `PyModule_AddIntConstant'
pyiks.c:(.text+0x1c24): undefined reference to `PyModule_AddIntConstant'
pyiks.c:(.text+0x1c34): undefined reference to `PyModule_AddIntConstant'
pyiks.c:(.text+0x1c44): undefined reference to `PyErr_NewException'
pyiks.c:(.text+0x1c7c): undefined reference to `PyModule_AddObject'
pyiks.c:(.text+0x1c8c): undefined reference to `PyErr_NewException'
pyiks.c:(.text+0x1cc4): undefined reference to `PyModule_AddObject'
pyiks.c:(.text+0x1cd4): undefined reference to `PyErr_NewException'
pyiks.c:(.text+0x1d0c): undefined reference to `PyModule_AddObject'
pyiks.c:(.text+0x1d20): undefined reference to `PyType_Ready'
pyiks.c:(.text+0x1d58): undefined reference to `PyType_Ready'
pyiks.c:(.text+0x1d90): undefined reference to `PyType_Ready'
pyiks.c:(.text+0x1dc4): undefined reference to `PyModule_AddObject'
pyiks.c:(.text+0x1e20): undefined reference to `PyType_GenericNew'
collect2: error: ld returned 1 exit status
Derleme hatalı.
